<?xml version="1.0" encoding="UTF-8"?>
<testng-results skipped="0" failed="1" ignored="1" total="3" passed="1">
  <reporter-output>
  </reporter-output>
  <suite name="Beer Advocate Selenium Training" duration-ms="116861" started-at="2020-07-08T22:18:18Z" finished-at="2020-07-08T22:20:15Z">
    <groups>
    </groups>
    <test name="Beer Advocate Test Cases" duration-ms="116861" started-at="2020-07-08T22:18:18Z" finished-at="2020-07-08T22:20:15Z">
      <class name="com.qa.testcases.AddPlacePageTest">
        <test-method status="PASS" signature="Setup()[pri:0, instance:com.qa.testcases.AddPlacePageTest@59ec2012]" name="Setup" is-config="true" duration-ms="55384" started-at="2020-07-08T22:18:19Z" finished-at="2020-07-08T22:19:14Z">
          <reporter-output>
          </reporter-output>
        </test-method> <!-- Setup -->
        <test-method status="PASS" signature="validateAddPlace(java.lang.String, java.lang.String, java.lang.String, java.lang.String, java.lang.String, java.lang.String, java.lang.String, java.lang.String)[pri:0, instance:com.qa.testcases.AddPlacePageTest@59ec2012]" name="validateAddPlace" duration-ms="6277" started-at="2020-07-08T22:19:14Z" data-provider="getAddPlacesData" finished-at="2020-07-08T22:19:21Z">
          <params>
            <param index="0">
              <value>
                <![CDATA[Bitter Pops]]>
              </value>
            </param>
            <param index="1">
              <value>
                <![CDATA[3345 N Lincoln Ave]]>
              </value>
            </param>
            <param index="2">
              <value>
                <![CDATA[Chicago]]>
              </value>
            </param>
            <param index="3">
              <value>
                <![CDATA[United States]]>
              </value>
            </param>
            <param index="4">
              <value>
                <![CDATA[Illinois]]>
              </value>
            </param>
            <param index="5">
              <value>
                <![CDATA[60657]]>
              </value>
            </param>
            <param index="6">
              <value>
                <![CDATA[(773) 857-7677]]>
              </value>
            </param>
            <param index="7">
              <value>
                <![CDATA[www.bitterpops.com]]>
              </value>
            </param>
          </params>
          <reporter-output>
          </reporter-output>
        </test-method> <!-- validateAddPlace -->
        <test-method status="PASS" signature="tearDown()[pri:0, instance:com.qa.testcases.AddPlacePageTest@59ec2012]" name="tearDown" is-config="true" duration-ms="2854" started-at="2020-07-08T22:19:21Z" finished-at="2020-07-08T22:19:23Z">
          <reporter-output>
          </reporter-output>
        </test-method> <!-- tearDown -->
        <test-method status="PASS" signature="Setup()[pri:0, instance:com.qa.testcases.AddPlacePageTest@59ec2012]" name="Setup" is-config="true" duration-ms="26355" started-at="2020-07-08T22:19:23Z" finished-at="2020-07-08T22:19:50Z">
          <reporter-output>
          </reporter-output>
        </test-method> <!-- Setup -->
        <test-method status="FAIL" signature="validateAddPlace(java.lang.String, java.lang.String, java.lang.String, java.lang.String, java.lang.String, java.lang.String, java.lang.String, java.lang.String)[pri:0, instance:com.qa.testcases.AddPlacePageTest@59ec2012]" name="validateAddPlace" duration-ms="22995" started-at="2020-07-08T22:19:50Z" data-provider="getAddPlacesData" finished-at="2020-07-08T22:20:13Z">
          <params>
            <param index="0">
              <value>
                <![CDATA[Beermiscous]]>
              </value>
            </param>
            <param index="1">
              <value>
                <![CDATA[2812 N Lincoln Ave]]>
              </value>
            </param>
            <param index="2">
              <value>
                <![CDATA[Chicago]]>
              </value>
            </param>
            <param index="3">
              <value>
                <![CDATA[United States]]>
              </value>
            </param>
            <param index="4">
              <value>
                <![CDATA[Illinois]]>
              </value>
            </param>
            <param index="5">
              <value>
                <![CDATA[606]]>
              </value>
            </param>
            <param index="6">
              <value>
                <![CDATA[(773) 698-6824]]>
              </value>
            </param>
            <param index="7">
              <value>
                <![CDATA[www.beermiscuous.com]]>
              </value>
            </param>
          </params>
          <exception class="org.openqa.selenium.NoSuchElementException">
            <message>
              <![CDATA[no such element: Unable to locate element: {"method":"xpath","selector":"//div[@class='edit' and (contains(text(), 'Success!'))]"}
  (Session info: chrome=83.0.4103.116)
For documentation on this error, please visit: https://www.seleniumhq.org/exceptions/no_such_element.html
Build info: version: '3.141.59', revision: 'e82be7d358', time: '2018-11-14T08:17:03'
System info: host: 'JIM-VAIO', ip: '192.168.1.134', os.name: 'Windows 7', os.arch: 'amd64', os.version: '6.1', java.version: '1.8.0_144'
Driver info: org.openqa.selenium.chrome.ChromeDriver
Capabilities {acceptInsecureCerts: false, browserName: chrome, browserVersion: 83.0.4103.116, chrome: {chromedriverVersion: 83.0.4103.39 (ccbf011cb2d2b..., userDataDir: C:\Users\Jim\AppData\Local\...}, goog:chromeOptions: {debuggerAddress: localhost:50503}, javascriptEnabled: true, networkConnectionEnabled: false, pageLoadStrategy: normal, platform: WINDOWS, platformName: WINDOWS, proxy: Proxy(), setWindowRect: true, strictFileInteractability: false, timeouts: {implicit: 0, pageLoad: 300000, script: 30000}, unhandledPromptBehavior: dismiss and notify, webauthn:virtualAuthenticators: true}
Session ID: 818ebe79be1efa4cd5ee39a92217d559
*** Element info: {Using=xpath, value=//div[@class='edit' and (contains(text(), 'Success!'))]}]]>
            </message>
            <full-stacktrace>
              <![CDATA[org.openqa.selenium.NoSuchElementException: no such element: Unable to locate element: {"method":"xpath","selector":"//div[@class='edit' and (contains(text(), 'Success!'))]"}
  (Session info: chrome=83.0.4103.116)
For documentation on this error, please visit: https://www.seleniumhq.org/exceptions/no_such_element.html
Build info: version: '3.141.59', revision: 'e82be7d358', time: '2018-11-14T08:17:03'
System info: host: 'JIM-VAIO', ip: '192.168.1.134', os.name: 'Windows 7', os.arch: 'amd64', os.version: '6.1', java.version: '1.8.0_144'
Driver info: org.openqa.selenium.chrome.ChromeDriver
Capabilities {acceptInsecureCerts: false, browserName: chrome, browserVersion: 83.0.4103.116, chrome: {chromedriverVersion: 83.0.4103.39 (ccbf011cb2d2b..., userDataDir: C:\Users\Jim\AppData\Local\...}, goog:chromeOptions: {debuggerAddress: localhost:50503}, javascriptEnabled: true, networkConnectionEnabled: false, pageLoadStrategy: normal, platform: WINDOWS, platformName: WINDOWS, proxy: Proxy(), setWindowRect: true, strictFileInteractability: false, timeouts: {implicit: 0, pageLoad: 300000, script: 30000}, unhandledPromptBehavior: dismiss and notify, webauthn:virtualAuthenticators: true}
Session ID: 818ebe79be1efa4cd5ee39a92217d559
*** Element info: {Using=xpath, value=//div[@class='edit' and (contains(text(), 'Success!'))]}
at sun.reflect.NativeConstructorAccessorImpl.newInstance0(Native Method)
at sun.reflect.NativeConstructorAccessorImpl.newInstance(NativeConstructorAccessorImpl.java:62)
at sun.reflect.DelegatingConstructorAccessorImpl.newInstance(DelegatingConstructorAccessorImpl.java:45)
at java.lang.reflect.Constructor.newInstance(Constructor.java:423)
at org.openqa.selenium.remote.http.W3CHttpResponseCodec.createException(W3CHttpResponseCodec.java:187)
at org.openqa.selenium.remote.http.W3CHttpResponseCodec.decode(W3CHttpResponseCodec.java:122)
at org.openqa.selenium.remote.http.W3CHttpResponseCodec.decode(W3CHttpResponseCodec.java:49)
at org.openqa.selenium.remote.HttpCommandExecutor.execute(HttpCommandExecutor.java:158)
at org.openqa.selenium.remote.service.DriverCommandExecutor.execute(DriverCommandExecutor.java:83)
at org.openqa.selenium.remote.RemoteWebDriver.execute(RemoteWebDriver.java:552)
at org.openqa.selenium.remote.RemoteWebDriver.findElement(RemoteWebDriver.java:323)
at org.openqa.selenium.remote.RemoteWebDriver.findElementByXPath(RemoteWebDriver.java:428)
at org.openqa.selenium.By$ByXPath.findElement(By.java:353)
at org.openqa.selenium.remote.RemoteWebDriver.findElement(RemoteWebDriver.java:315)
at org.openqa.selenium.support.pagefactory.DefaultElementLocator.findElement(DefaultElementLocator.java:69)
at org.openqa.selenium.support.pagefactory.internal.LocatingElementHandler.invoke(LocatingElementHandler.java:38)
at com.sun.proxy.$Proxy11.getText(Unknown Source)
at com.qa.pages.AddPlacePage.addPlaceSuccess(AddPlacePage.java:76)
at com.qa.testcases.AddPlacePageTest.validateAddPlace(AddPlacePageTest.java:51)
at sun.reflect.NativeMethodAccessorImpl.invoke0(Native Method)
at sun.reflect.NativeMethodAccessorImpl.invoke(NativeMethodAccessorImpl.java:62)
at sun.reflect.DelegatingMethodAccessorImpl.invoke(DelegatingMethodAccessorImpl.java:43)
at java.lang.reflect.Method.invoke(Method.java:498)
at org.testng.internal.MethodInvocationHelper.invokeMethod(MethodInvocationHelper.java:124)
at org.testng.internal.Invoker.invokeMethod(Invoker.java:583)
at org.testng.internal.Invoker.invokeTestMethod(Invoker.java:719)
at org.testng.internal.Invoker.invokeTestMethods(Invoker.java:989)
at org.testng.internal.TestMethodWorker.invokeTestMethods(TestMethodWorker.java:125)
at org.testng.internal.TestMethodWorker.run(TestMethodWorker.java:109)
at org.testng.TestRunner.privateRun(TestRunner.java:648)
at org.testng.TestRunner.run(TestRunner.java:505)
at org.testng.SuiteRunner.runTest(SuiteRunner.java:455)
at org.testng.SuiteRunner.runSequentially(SuiteRunner.java:450)
at org.testng.SuiteRunner.privateRun(SuiteRunner.java:415)
at org.testng.SuiteRunner.run(SuiteRunner.java:364)
at org.testng.SuiteRunnerWorker.runSuite(SuiteRunnerWorker.java:52)
at org.testng.SuiteRunnerWorker.run(SuiteRunnerWorker.java:84)
at org.testng.TestNG.runSuitesSequentially(TestNG.java:1208)
at org.testng.TestNG.runSuitesLocally(TestNG.java:1137)
at org.testng.TestNG.runSuites(TestNG.java:1049)
at org.testng.TestNG.run(TestNG.java:1017)
at org.testng.remote.AbstractRemoteTestNG.run(AbstractRemoteTestNG.java:115)
at org.testng.remote.RemoteTestNG.initAndRun(RemoteTestNG.java:251)
at org.testng.remote.RemoteTestNG.main(RemoteTestNG.java:77)
]]>
            </full-stacktrace>
          </exception> <!-- org.openqa.selenium.NoSuchElementException -->
          <reporter-output>
          </reporter-output>
        </test-method> <!-- validateAddPlace -->
        <test-method status="PASS" signature="tearDown()[pri:0, instance:com.qa.testcases.AddPlacePageTest@59ec2012]" name="tearDown" is-config="true" duration-ms="2060" started-at="2020-07-08T22:20:13Z" finished-at="2020-07-08T22:20:15Z">
          <reporter-output>
          </reporter-output>
        </test-method> <!-- tearDown -->
      </class> <!-- com.qa.testcases.AddPlacePageTest -->
    </test> <!-- Beer Advocate Test Cases -->
  </suite> <!-- Beer Advocate Selenium Training -->
</testng-results>
